2026-03-19T13:24:39+0000 [10324] INFO --- DNF5 запущен с аргументами: "dnf install qemu" ---
2026-03-19T13:24:39+0000 [10324] DEBUG Loading plugin file="/usr/lib64/dnf5/plugins/builddep_cmd_plugin.so"
2026-03-19T13:24:39+0000 [10324] INFO Loaded dnf5 plugin "builddep" ("/usr/lib64/dnf5/plugins/builddep_cmd_plugin.so") version "1.0.0"
2026-03-19T13:24:39+0000 [10324] DEBUG Loading plugin file="/usr/lib64/dnf5/plugins/changelog_cmd_plugin.so"
2026-03-19T13:24:39+0000 [10324] INFO Loaded dnf5 plugin "changelog" ("/usr/lib64/dnf5/plugins/changelog_cmd_plugin.so") version "1.0.0"
2026-03-19T13:24:39+0000 [10324] DEBUG Loading plugin file="/usr/lib64/dnf5/plugins/config-manager_cmd_plugin.so"
2026-03-19T13:24:39+0000 [10324] INFO Loaded dnf5 plugin "config-manager" ("/usr/lib64/dnf5/plugins/config-manager_cmd_plugin.so") version "0.1.0"
2026-03-19T13:24:39+0000 [10324] DEBUG Loading plugin file="/usr/lib64/dnf5/plugins/copr_cmd_plugin.so"
2026-03-19T13:24:39+0000 [10324] INFO Loaded dnf5 plugin "copr" ("/usr/lib64/dnf5/plugins/copr_cmd_plugin.so") version "0.1.0"
2026-03-19T13:24:39+0000 [10324] DEBUG Loading plugin file="/usr/lib64/dnf5/plugins/needs_restarting_cmd_plugin.so"
2026-03-19T13:24:39+0000 [10324] INFO Loaded dnf5 plugin "needs_restarting" ("/usr/lib64/dnf5/plugins/needs_restarting_cmd_plugin.so") version "1.0.0"
2026-03-19T13:24:39+0000 [10324] DEBUG Loading plugin file="/usr/lib64/dnf5/plugins/repoclosure_cmd_plugin.so"
2026-03-19T13:24:39+0000 [10324] INFO Loaded dnf5 plugin "repoclosure" ("/usr/lib64/dnf5/plugins/repoclosure_cmd_plugin.so") version "1.0.0"
2026-03-19T13:24:39+0000 [10324] DEBUG Loading plugin file="/usr/lib64/dnf5/plugins/repomanage_cmd_plugin.so"
2026-03-19T13:24:39+0000 [10324] INFO Loaded dnf5 plugin "repomanage" ("/usr/lib64/dnf5/plugins/repomanage_cmd_plugin.so") version "1.0.0"
2026-03-19T13:24:39+0000 [10324] DEBUG Loading plugin file="/usr/lib64/dnf5/plugins/reposync_cmd_plugin.so"
2026-03-19T13:24:39+0000 [10324] INFO Loaded dnf5 plugin "reposync" ("/usr/lib64/dnf5/plugins/reposync_cmd_plugin.so") version "1.0.0"
2026-03-19T13:24:39+0000 [10324] DEBUG Loading plugin library file="/usr/lib64/libdnf5/plugins/notify_packagekit.so"
2026-03-19T13:24:39+0000 [10324] INFO Loaded libdnf plugin "notify_packagekit" ("/usr/lib64/libdnf5/plugins/notify_packagekit.so"), version="1.3.1"
2026-03-19T13:24:39+0000 [10324] DEBUG Trying to load more plugins using the "notify_packagekit" plugin.
2026-03-19T13:24:39+0000 [10324] DEBUG End of loading plugins using the "notify_packagekit" plugin.
2026-03-19T13:24:39+0000 [10324] DEBUG Creating repo "copr:copr.fedorainfracloud.org:phracek:PyCharm" from config file "/etc/yum.repos.d/_copr:copr.fedorainfracloud.org:phracek:PyCharm.repo" section "copr:copr.fedorainfracloud.org:phracek:PyCharm"
2026-03-19T13:24:39+0000 [10324] DEBUG Creating repo "fedora-cisco-openh264" from config file "/etc/yum.repos.d/fedora-cisco-openh264.repo" section "fedora-cisco-openh264"
2026-03-19T13:24:39+0000 [10324] DEBUG Creating repo "fedora-cisco-openh264-debuginfo" from config file "/etc/yum.repos.d/fedora-cisco-openh264.repo" section "fedora-cisco-openh264-debuginfo"
2026-03-19T13:24:39+0000 [10324] DEBUG Creating repo "fedora-cisco-openh264-source" from config file "/etc/yum.repos.d/fedora-cisco-openh264.repo" section "fedora-cisco-openh264-source"
2026-03-19T13:24:39+0000 [10324] DEBUG Creating repo "updates-testing" from config file "/etc/yum.repos.d/fedora-updates-testing.repo" section "updates-testing"
2026-03-19T13:24:39+0000 [10324] DEBUG Creating repo "updates-testing-debuginfo" from config file "/etc/yum.repos.d/fedora-updates-testing.repo" section "updates-testing-debuginfo"
2026-03-19T13:24:39+0000 [10324] DEBUG Creating repo "updates-testing-source" from config file "/etc/yum.repos.d/fedora-updates-testing.repo" section "updates-testing-source"
2026-03-19T13:24:39+0000 [10324] DEBUG Creating repo "updates" from config file "/etc/yum.repos.d/fedora-updates.repo" section "updates"
2026-03-19T13:24:39+0000 [10324] DEBUG Creating repo "updates-debuginfo" from config file "/etc/yum.repos.d/fedora-updates.repo" section "updates-debuginfo"
2026-03-19T13:24:39+0000 [10324] DEBUG Creating repo "updates-source" from config file "/etc/yum.repos.d/fedora-updates.repo" section "updates-source"
2026-03-19T13:24:39+0000 [10324] DEBUG Creating repo "fedora" from config file "/etc/yum.repos.d/fedora.repo" section "fedora"
2026-03-19T13:24:39+0000 [10324] DEBUG Creating repo "fedora-debuginfo" from config file "/etc/yum.repos.d/fedora.repo" section "fedora-debuginfo"
2026-03-19T13:24:39+0000 [10324] DEBUG Creating repo "fedora-source" from config file "/etc/yum.repos.d/fedora.repo" section "fedora-source"
2026-03-19T13:24:39+0000 [10324] DEBUG Creating repo "google-chrome" from config file "/etc/yum.repos.d/google-chrome.repo" section "google-chrome"
2026-03-19T13:24:39+0000 [10324] DEBUG Creating repo "rpmfusion-nonfree-nvidia-driver" from config file "/etc/yum.repos.d/rpmfusion-nonfree-nvidia-driver.repo" section "rpmfusion-nonfree-nvidia-driver"
2026-03-19T13:24:39+0000 [10324] DEBUG Creating repo "rpmfusion-nonfree-nvidia-driver-debuginfo" from config file "/etc/yum.repos.d/rpmfusion-nonfree-nvidia-driver.repo" section "rpmfusion-nonfree-nvidia-driver-debuginfo"
2026-03-19T13:24:39+0000 [10324] DEBUG Creating repo "rpmfusion-nonfree-nvidia-driver-source" from config file "/etc/yum.repos.d/rpmfusion-nonfree-nvidia-driver.repo" section "rpmfusion-nonfree-nvidia-driver-source"
2026-03-19T13:24:39+0000 [10324] DEBUG Creating repo "rpmfusion-nonfree-steam" from config file "/etc/yum.repos.d/rpmfusion-nonfree-steam.repo" section "rpmfusion-nonfree-steam"
2026-03-19T13:24:39+0000 [10324] DEBUG Creating repo "rpmfusion-nonfree-steam-debuginfo" from config file "/etc/yum.repos.d/rpmfusion-nonfree-steam.repo" section "rpmfusion-nonfree-steam-debuginfo"
2026-03-19T13:24:39+0000 [10324] DEBUG Creating repo "rpmfusion-nonfree-steam-source" from config file "/etc/yum.repos.d/rpmfusion-nonfree-steam.repo" section "rpmfusion-nonfree-steam-source"
2026-03-19T13:24:39+0000 [10324] ERROR Команда возвращена с ошибкой: Для выполнения запрошенной операции требуются привилегии суперпользователя. Пожалуйста, войдите в систему как пользователь с повышенными правами или используйте опции "--assumeno" или "--downloadonly", чтобы выполнить команду без изменения состояния системы.
2026-03-19T13:27:48+0000 [11389] INFO --- DNF5 запущен с аргументами: "dnf install git" ---
2026-03-19T13:27:48+0000 [11389] DEBUG Loading plugin file="/usr/lib64/dnf5/plugins/builddep_cmd_plugin.so"
2026-03-19T13:27:48+0000 [11389] INFO Loaded dnf5 plugin "builddep" ("/usr/lib64/dnf5/plugins/builddep_cmd_plugin.so") version "1.0.0"
2026-03-19T13:27:48+0000 [11389] DEBUG Loading plugin file="/usr/lib64/dnf5/plugins/changelog_cmd_plugin.so"
2026-03-19T13:27:48+0000 [11389] INFO Loaded dnf5 plugin "changelog" ("/usr/lib64/dnf5/plugins/changelog_cmd_plugin.so") version "1.0.0"
2026-03-19T13:27:48+0000 [11389] DEBUG Loading plugin file="/usr/lib64/dnf5/plugins/config-manager_cmd_plugin.so"
2026-03-19T13:27:48+0000 [11389] INFO Loaded dnf5 plugin "config-manager" ("/usr/lib64/dnf5/plugins/config-manager_cmd_plugin.so") version "0.1.0"
2026-03-19T13:27:48+0000 [11389] DEBUG Loading plugin file="/usr/lib64/dnf5/plugins/copr_cmd_plugin.so"
2026-03-19T13:27:48+0000 [11389] INFO Loaded dnf5 plugin "copr" ("/usr/lib64/dnf5/plugins/copr_cmd_plugin.so") version "0.1.0"
2026-03-19T13:27:48+0000 [11389] DEBUG Loading plugin file="/usr/lib64/dnf5/plugins/needs_restarting_cmd_plugin.so"
2026-03-19T13:27:48+0000 [11389] INFO Loaded dnf5 plugin "needs_restarting" ("/usr/lib64/dnf5/plugins/needs_restarting_cmd_plugin.so") version "1.0.0"
2026-03-19T13:27:48+0000 [11389] DEBUG Loading plugin file="/usr/lib64/dnf5/plugins/repoclosure_cmd_plugin.so"
2026-03-19T13:27:48+0000 [11389] INFO Loaded dnf5 plugin "repoclosure" ("/usr/lib64/dnf5/plugins/repoclosure_cmd_plugin.so") version "1.0.0"
2026-03-19T13:27:48+0000 [11389] DEBUG Loading plugin file="/usr/lib64/dnf5/plugins/repomanage_cmd_plugin.so"
2026-03-19T13:27:48+0000 [11389] INFO Loaded dnf5 plugin "repomanage" ("/usr/lib64/dnf5/plugins/repomanage_cmd_plugin.so") version "1.0.0"
2026-03-19T13:27:48+0000 [11389] DEBUG Loading plugin file="/usr/lib64/dnf5/plugins/reposync_cmd_plugin.so"
2026-03-19T13:27:48+0000 [11389] INFO Loaded dnf5 plugin "reposync" ("/usr/lib64/dnf5/plugins/reposync_cmd_plugin.so") version "1.0.0"
2026-03-19T13:27:48+0000 [11389] DEBUG Loading plugin library file="/usr/lib64/libdnf5/plugins/notify_packagekit.so"
2026-03-19T13:27:48+0000 [11389] INFO Loaded libdnf plugin "notify_packagekit" ("/usr/lib64/libdnf5/plugins/notify_packagekit.so"), version="1.3.1"
2026-03-19T13:27:48+0000 [11389] DEBUG Trying to load more plugins using the "notify_packagekit" plugin.
2026-03-19T13:27:48+0000 [11389] DEBUG End of loading plugins using the "notify_packagekit" plugin.
2026-03-19T13:27:48+0000 [11389] DEBUG Creating repo "copr:copr.fedorainfracloud.org:phracek:PyCharm" from config file "/etc/yum.repos.d/_copr:copr.fedorainfracloud.org:phracek:PyCharm.repo" section "copr:copr.fedorainfracloud.org:phracek:PyCharm"
2026-03-19T13:27:48+0000 [11389] DEBUG Creating repo "fedora-cisco-openh264" from config file "/etc/yum.repos.d/fedora-cisco-openh264.repo" section "fedora-cisco-openh264"
2026-03-19T13:27:48+0000 [11389] DEBUG Creating repo "fedora-cisco-openh264-debuginfo" from config file "/etc/yum.repos.d/fedora-cisco-openh264.repo" section "fedora-cisco-openh264-debuginfo"
2026-03-19T13:27:48+0000 [11389] DEBUG Creating repo "fedora-cisco-openh264-source" from config file "/etc/yum.repos.d/fedora-cisco-openh264.repo" section "fedora-cisco-openh264-source"
2026-03-19T13:27:48+0000 [11389] DEBUG Creating repo "updates-testing" from config file "/etc/yum.repos.d/fedora-updates-testing.repo" section "updates-testing"
2026-03-19T13:27:48+0000 [11389] DEBUG Creating repo "updates-testing-debuginfo" from config file "/etc/yum.repos.d/fedora-updates-testing.repo" section "updates-testing-debuginfo"
2026-03-19T13:27:48+0000 [11389] DEBUG Creating repo "updates-testing-source" from config file "/etc/yum.repos.d/fedora-updates-testing.repo" section "updates-testing-source"
2026-03-19T13:27:48+0000 [11389] DEBUG Creating repo "updates" from config file "/etc/yum.repos.d/fedora-updates.repo" section "updates"
2026-03-19T13:27:48+0000 [11389] DEBUG Creating repo "updates-debuginfo" from config file "/etc/yum.repos.d/fedora-updates.repo" section "updates-debuginfo"
2026-03-19T13:27:48+0000 [11389] DEBUG Creating repo "updates-source" from config file "/etc/yum.repos.d/fedora-updates.repo" section "updates-source"
2026-03-19T13:27:48+0000 [11389] DEBUG Creating repo "fedora" from config file "/etc/yum.repos.d/fedora.repo" section "fedora"
2026-03-19T13:27:48+0000 [11389] DEBUG Creating repo "fedora-debuginfo" from config file "/etc/yum.repos.d/fedora.repo" section "fedora-debuginfo"
2026-03-19T13:27:48+0000 [11389] DEBUG Creating repo "fedora-source" from config file "/etc/yum.repos.d/fedora.repo" section "fedora-source"
2026-03-19T13:27:48+0000 [11389] DEBUG Creating repo "google-chrome" from config file "/etc/yum.repos.d/google-chrome.repo" section "google-chrome"
2026-03-19T13:27:48+0000 [11389] DEBUG Creating repo "rpmfusion-nonfree-nvidia-driver" from config file "/etc/yum.repos.d/rpmfusion-nonfree-nvidia-driver.repo" section "rpmfusion-nonfree-nvidia-driver"
2026-03-19T13:27:48+0000 [11389] DEBUG Creating repo "rpmfusion-nonfree-nvidia-driver-debuginfo" from config file "/etc/yum.repos.d/rpmfusion-nonfree-nvidia-driver.repo" section "rpmfusion-nonfree-nvidia-driver-debuginfo"
2026-03-19T13:27:48+0000 [11389] DEBUG Creating repo "rpmfusion-nonfree-nvidia-driver-source" from config file "/etc/yum.repos.d/rpmfusion-nonfree-nvidia-driver.repo" section "rpmfusion-nonfree-nvidia-driver-source"
2026-03-19T13:27:48+0000 [11389] DEBUG Creating repo "rpmfusion-nonfree-steam" from config file "/etc/yum.repos.d/rpmfusion-nonfree-steam.repo" section "rpmfusion-nonfree-steam"
2026-03-19T13:27:48+0000 [11389] DEBUG Creating repo "rpmfusion-nonfree-steam-debuginfo" from config file "/etc/yum.repos.d/rpmfusion-nonfree-steam.repo" section "rpmfusion-nonfree-steam-debuginfo"
2026-03-19T13:27:48+0000 [11389] DEBUG Creating repo "rpmfusion-nonfree-steam-source" from config file "/etc/yum.repos.d/rpmfusion-nonfree-steam.repo" section "rpmfusion-nonfree-steam-source"
2026-03-19T13:27:48+0000 [11389] ERROR Команда возвращена с ошибкой: Для выполнения запрошенной операции требуются привилегии суперпользователя. Пожалуйста, войдите в систему как пользователь с повышенными правами или используйте опции "--assumeno" или "--downloadonly", чтобы выполнить команду без изменения состояния системы.
2026-03-19T17:55:38+0000 [7844] INFO --- DNF5 запущен с аргументами: "dnf copr enable elegos/gitflow" ---
2026-03-19T17:55:38+0000 [7844] DEBUG Loading plugin file="/usr/lib64/dnf5/plugins/builddep_cmd_plugin.so"
2026-03-19T17:55:38+0000 [7844] INFO Loaded dnf5 plugin "builddep" ("/usr/lib64/dnf5/plugins/builddep_cmd_plugin.so") version "1.0.0"
2026-03-19T17:55:38+0000 [7844] DEBUG Loading plugin file="/usr/lib64/dnf5/plugins/changelog_cmd_plugin.so"
2026-03-19T17:55:38+0000 [7844] INFO Loaded dnf5 plugin "changelog" ("/usr/lib64/dnf5/plugins/changelog_cmd_plugin.so") version "1.0.0"
2026-03-19T17:55:38+0000 [7844] DEBUG Loading plugin file="/usr/lib64/dnf5/plugins/config-manager_cmd_plugin.so"
2026-03-19T17:55:38+0000 [7844] INFO Loaded dnf5 plugin "config-manager" ("/usr/lib64/dnf5/plugins/config-manager_cmd_plugin.so") version "0.1.0"
2026-03-19T17:55:38+0000 [7844] DEBUG Loading plugin file="/usr/lib64/dnf5/plugins/copr_cmd_plugin.so"
2026-03-19T17:55:38+0000 [7844] INFO Loaded dnf5 plugin "copr" ("/usr/lib64/dnf5/plugins/copr_cmd_plugin.so") version "0.1.0"
2026-03-19T17:55:38+0000 [7844] DEBUG Loading plugin file="/usr/lib64/dnf5/plugins/needs_restarting_cmd_plugin.so"
2026-03-19T17:55:38+0000 [7844] INFO Loaded dnf5 plugin "needs_restarting" ("/usr/lib64/dnf5/plugins/needs_restarting_cmd_plugin.so") version "1.0.0"
2026-03-19T17:55:38+0000 [7844] DEBUG Loading plugin file="/usr/lib64/dnf5/plugins/repoclosure_cmd_plugin.so"
2026-03-19T17:55:38+0000 [7844] INFO Loaded dnf5 plugin "repoclosure" ("/usr/lib64/dnf5/plugins/repoclosure_cmd_plugin.so") version "1.0.0"
2026-03-19T17:55:38+0000 [7844] DEBUG Loading plugin file="/usr/lib64/dnf5/plugins/repomanage_cmd_plugin.so"
2026-03-19T17:55:38+0000 [7844] INFO Loaded dnf5 plugin "repomanage" ("/usr/lib64/dnf5/plugins/repomanage_cmd_plugin.so") version "1.0.0"
2026-03-19T17:55:38+0000 [7844] DEBUG Loading plugin file="/usr/lib64/dnf5/plugins/reposync_cmd_plugin.so"
2026-03-19T17:55:38+0000 [7844] INFO Loaded dnf5 plugin "reposync" ("/usr/lib64/dnf5/plugins/reposync_cmd_plugin.so") version "1.0.0"
2026-03-19T17:55:38+0000 [7844] DEBUG Loading plugin library file="/usr/lib64/libdnf5/plugins/notify_packagekit.so"
2026-03-19T17:55:38+0000 [7844] INFO Loaded libdnf plugin "notify_packagekit" ("/usr/lib64/libdnf5/plugins/notify_packagekit.so"), version="1.3.1"
2026-03-19T17:55:38+0000 [7844] DEBUG Trying to load more plugins using the "notify_packagekit" plugin.
2026-03-19T17:55:38+0000 [7844] DEBUG End of loading plugins using the "notify_packagekit" plugin.
2026-03-19T17:55:38+0000 [7844] DEBUG Creating repo "copr:copr.fedorainfracloud.org:phracek:PyCharm" from config file "/etc/yum.repos.d/_copr:copr.fedorainfracloud.org:phracek:PyCharm.repo" section "copr:copr.fedorainfracloud.org:phracek:PyCharm"
2026-03-19T17:55:38+0000 [7844] DEBUG Creating repo "fedora-cisco-openh264" from config file "/etc/yum.repos.d/fedora-cisco-openh264.repo" section "fedora-cisco-openh264"
2026-03-19T17:55:38+0000 [7844] DEBUG Creating repo "fedora-cisco-openh264-debuginfo" from config file "/etc/yum.repos.d/fedora-cisco-openh264.repo" section "fedora-cisco-openh264-debuginfo"
2026-03-19T17:55:38+0000 [7844] DEBUG Creating repo "fedora-cisco-openh264-source" from config file "/etc/yum.repos.d/fedora-cisco-openh264.repo" section "fedora-cisco-openh264-source"
2026-03-19T17:55:38+0000 [7844] DEBUG Creating repo "updates-testing" from config file "/etc/yum.repos.d/fedora-updates-testing.repo" section "updates-testing"
2026-03-19T17:55:38+0000 [7844] DEBUG Creating repo "updates-testing-debuginfo" from config file "/etc/yum.repos.d/fedora-updates-testing.repo" section "updates-testing-debuginfo"
2026-03-19T17:55:38+0000 [7844] DEBUG Creating repo "updates-testing-source" from config file "/etc/yum.repos.d/fedora-updates-testing.repo" section "updates-testing-source"
2026-03-19T17:55:38+0000 [7844] DEBUG Creating repo "updates" from config file "/etc/yum.repos.d/fedora-updates.repo" section "updates"
2026-03-19T17:55:38+0000 [7844] DEBUG Creating repo "updates-debuginfo" from config file "/etc/yum.repos.d/fedora-updates.repo" section "updates-debuginfo"
2026-03-19T17:55:38+0000 [7844] DEBUG Creating repo "updates-source" from config file "/etc/yum.repos.d/fedora-updates.repo" section "updates-source"
2026-03-19T17:55:38+0000 [7844] DEBUG Creating repo "fedora" from config file "/etc/yum.repos.d/fedora.repo" section "fedora"
2026-03-19T17:55:38+0000 [7844] DEBUG Creating repo "fedora-debuginfo" from config file "/etc/yum.repos.d/fedora.repo" section "fedora-debuginfo"
2026-03-19T17:55:38+0000 [7844] DEBUG Creating repo "fedora-source" from config file "/etc/yum.repos.d/fedora.repo" section "fedora-source"
2026-03-19T17:55:38+0000 [7844] DEBUG Creating repo "google-chrome" from config file "/etc/yum.repos.d/google-chrome.repo" section "google-chrome"
2026-03-19T17:55:38+0000 [7844] DEBUG Creating repo "rpmfusion-nonfree-nvidia-driver" from config file "/etc/yum.repos.d/rpmfusion-nonfree-nvidia-driver.repo" section "rpmfusion-nonfree-nvidia-driver"
2026-03-19T17:55:38+0000 [7844] DEBUG Creating repo "rpmfusion-nonfree-nvidia-driver-debuginfo" from config file "/etc/yum.repos.d/rpmfusion-nonfree-nvidia-driver.repo" section "rpmfusion-nonfree-nvidia-driver-debuginfo"
2026-03-19T17:55:38+0000 [7844] DEBUG Creating repo "rpmfusion-nonfree-nvidia-driver-source" from config file "/etc/yum.repos.d/rpmfusion-nonfree-nvidia-driver.repo" section "rpmfusion-nonfree-nvidia-driver-source"
2026-03-19T17:55:38+0000 [7844] DEBUG Creating repo "rpmfusion-nonfree-steam" from config file "/etc/yum.repos.d/rpmfusion-nonfree-steam.repo" section "rpmfusion-nonfree-steam"
2026-03-19T17:55:38+0000 [7844] DEBUG Creating repo "rpmfusion-nonfree-steam-debuginfo" from config file "/etc/yum.repos.d/rpmfusion-nonfree-steam.repo" section "rpmfusion-nonfree-steam-debuginfo"
2026-03-19T17:55:38+0000 [7844] DEBUG Creating repo "rpmfusion-nonfree-steam-source" from config file "/etc/yum.repos.d/rpmfusion-nonfree-steam.repo" section "rpmfusion-nonfree-steam-source"
2026-03-19T17:55:38+0000 [7844] INFO [librepo] Librepo version: 1.20.0 with CURL_GLOBAL_ACK_EINTR support (libcurl/8.15.0 OpenSSL/3.5.1 zlib/1.3.1.zlib-ng brotli/1.1.0 libidn2/2.3.8 libpsl/0.21.5 libssh/0.11.3/openssl/zlib nghttp2/1.66.0 OpenLDAP/2.6.10)
2026-03-19T17:55:38+0000 [7844] DEBUG [librepo] Current date: 2026-03-19T22:55:38+0500
2026-03-19T17:55:38+0000 [7844] DEBUG [librepo] lr_download: Target: https://copr.fedorainfracloud.org/api_3/rpmrepo/elegos/gitflow/fedora-43/ (-)
2026-03-19T17:55:38+0000 [7844] DEBUG [librepo] Selecting mirror for: https://copr.fedorainfracloud.org/api_3/rpmrepo/elegos/gitflow/fedora-43/
2026-03-19T17:55:38+0000 [7844] INFO [librepo] Downloading: https://copr.fedorainfracloud.org/api_3/rpmrepo/elegos/gitflow/fedora-43/
2026-03-19T17:55:38+0000 [7844] DEBUG [librepo] prepare_next_transfer: Resume ignored, existing file was not originally being downloaded by Librepo
2026-03-19T17:55:38+0000 [7844] DEBUG [librepo] lr_download: Downloading started
2026-03-19T17:55:39+0000 [7844] DEBUG [librepo] Transfer finished: https://copr.fedorainfracloud.org/api_3/rpmrepo/elegos/gitflow/fedora-43/ (Effective url: https://copr.fedorainfracloud.org/api_3/rpmrepo/elegos/gitflow/fedora-43/)
2026-03-19T17:56:04+0000 [7844] INFO DNF5 завершил работу
2026-03-19T17:56:04+0000 [7853] INFO --- DNF5 запущен с аргументами: "dnf install gitflow" ---
2026-03-19T17:56:04+0000 [7853] DEBUG Loading plugin file="/usr/lib64/dnf5/plugins/builddep_cmd_plugin.so"
2026-03-19T17:56:04+0000 [7853] INFO Loaded dnf5 plugin "builddep" ("/usr/lib64/dnf5/plugins/builddep_cmd_plugin.so") version "1.0.0"
2026-03-19T17:56:04+0000 [7853] DEBUG Loading plugin file="/usr/lib64/dnf5/plugins/changelog_cmd_plugin.so"
2026-03-19T17:56:04+0000 [7853] INFO Loaded dnf5 plugin "changelog" ("/usr/lib64/dnf5/plugins/changelog_cmd_plugin.so") version "1.0.0"
2026-03-19T17:56:04+0000 [7853] DEBUG Loading plugin file="/usr/lib64/dnf5/plugins/config-manager_cmd_plugin.so"
2026-03-19T17:56:04+0000 [7853] INFO Loaded dnf5 plugin "config-manager" ("/usr/lib64/dnf5/plugins/config-manager_cmd_plugin.so") version "0.1.0"
2026-03-19T17:56:04+0000 [7853] DEBUG Loading plugin file="/usr/lib64/dnf5/plugins/copr_cmd_plugin.so"
2026-03-19T17:56:04+0000 [7853] INFO Loaded dnf5 plugin "copr" ("/usr/lib64/dnf5/plugins/copr_cmd_plugin.so") version "0.1.0"
2026-03-19T17:56:04+0000 [7853] DEBUG Loading plugin file="/usr/lib64/dnf5/plugins/needs_restarting_cmd_plugin.so"
2026-03-19T17:56:04+0000 [7853] INFO Loaded dnf5 plugin "needs_restarting" ("/usr/lib64/dnf5/plugins/needs_restarting_cmd_plugin.so") version "1.0.0"
2026-03-19T17:56:04+0000 [7853] DEBUG Loading plugin file="/usr/lib64/dnf5/plugins/repoclosure_cmd_plugin.so"
2026-03-19T17:56:04+0000 [7853] INFO Loaded dnf5 plugin "repoclosure" ("/usr/lib64/dnf5/plugins/repoclosure_cmd_plugin.so") version "1.0.0"
2026-03-19T17:56:04+0000 [7853] DEBUG Loading plugin file="/usr/lib64/dnf5/plugins/repomanage_cmd_plugin.so"
2026-03-19T17:56:04+0000 [7853] INFO Loaded dnf5 plugin "repomanage" ("/usr/lib64/dnf5/plugins/repomanage_cmd_plugin.so") version "1.0.0"
2026-03-19T17:56:04+0000 [7853] DEBUG Loading plugin file="/usr/lib64/dnf5/plugins/reposync_cmd_plugin.so"
2026-03-19T17:56:04+0000 [7853] INFO Loaded dnf5 plugin "reposync" ("/usr/lib64/dnf5/plugins/reposync_cmd_plugin.so") version "1.0.0"
2026-03-19T17:56:04+0000 [7853] DEBUG Loading plugin library file="/usr/lib64/libdnf5/plugins/notify_packagekit.so"
2026-03-19T17:56:04+0000 [7853] INFO Loaded libdnf plugin "notify_packagekit" ("/usr/lib64/libdnf5/plugins/notify_packagekit.so"), version="1.3.1"
2026-03-19T17:56:04+0000 [7853] DEBUG Trying to load more plugins using the "notify_packagekit" plugin.
2026-03-19T17:56:04+0000 [7853] DEBUG End of loading plugins using the "notify_packagekit" plugin.
2026-03-19T17:56:04+0000 [7853] DEBUG Creating repo "copr:copr.fedorainfracloud.org:phracek:PyCharm" from config file "/etc/yum.repos.d/_copr:copr.fedorainfracloud.org:phracek:PyCharm.repo" section "copr:copr.fedorainfracloud.org:phracek:PyCharm"
2026-03-19T17:56:04+0000 [7853] DEBUG Creating repo "fedora-cisco-openh264" from config file "/etc/yum.repos.d/fedora-cisco-openh264.repo" section "fedora-cisco-openh264"
2026-03-19T17:56:04+0000 [7853] DEBUG Creating repo "fedora-cisco-openh264-debuginfo" from config file "/etc/yum.repos.d/fedora-cisco-openh264.repo" section "fedora-cisco-openh264-debuginfo"
2026-03-19T17:56:04+0000 [7853] DEBUG Creating repo "fedora-cisco-openh264-source" from config file "/etc/yum.repos.d/fedora-cisco-openh264.repo" section "fedora-cisco-openh264-source"
2026-03-19T17:56:04+0000 [7853] DEBUG Creating repo "updates-testing" from config file "/etc/yum.repos.d/fedora-updates-testing.repo" section "updates-testing"
2026-03-19T17:56:04+0000 [7853] DEBUG Creating repo "updates-testing-debuginfo" from config file "/etc/yum.repos.d/fedora-updates-testing.repo" section "updates-testing-debuginfo"
2026-03-19T17:56:04+0000 [7853] DEBUG Creating repo "updates-testing-source" from config file "/etc/yum.repos.d/fedora-updates-testing.repo" section "updates-testing-source"
2026-03-19T17:56:04+0000 [7853] DEBUG Creating repo "updates" from config file "/etc/yum.repos.d/fedora-updates.repo" section "updates"
2026-03-19T17:56:04+0000 [7853] DEBUG Creating repo "updates-debuginfo" from config file "/etc/yum.repos.d/fedora-updates.repo" section "updates-debuginfo"
2026-03-19T17:56:04+0000 [7853] DEBUG Creating repo "updates-source" from config file "/etc/yum.repos.d/fedora-updates.repo" section "updates-source"
2026-03-19T17:56:04+0000 [7853] DEBUG Creating repo "fedora" from config file "/etc/yum.repos.d/fedora.repo" section "fedora"
2026-03-19T17:56:04+0000 [7853] DEBUG Creating repo "fedora-debuginfo" from config file "/etc/yum.repos.d/fedora.repo" section "fedora-debuginfo"
2026-03-19T17:56:04+0000 [7853] DEBUG Creating repo "fedora-source" from config file "/etc/yum.repos.d/fedora.repo" section "fedora-source"
2026-03-19T17:56:04+0000 [7853] DEBUG Creating repo "google-chrome" from config file "/etc/yum.repos.d/google-chrome.repo" section "google-chrome"
2026-03-19T17:56:04+0000 [7853] DEBUG Creating repo "rpmfusion-nonfree-nvidia-driver" from config file "/etc/yum.repos.d/rpmfusion-nonfree-nvidia-driver.repo" section "rpmfusion-nonfree-nvidia-driver"
2026-03-19T17:56:04+0000 [7853] DEBUG Creating repo "rpmfusion-nonfree-nvidia-driver-debuginfo" from config file "/etc/yum.repos.d/rpmfusion-nonfree-nvidia-driver.repo" section "rpmfusion-nonfree-nvidia-driver-debuginfo"
2026-03-19T17:56:04+0000 [7853] DEBUG Creating repo "rpmfusion-nonfree-nvidia-driver-source" from config file "/etc/yum.repos.d/rpmfusion-nonfree-nvidia-driver.repo" section "rpmfusion-nonfree-nvidia-driver-source"
2026-03-19T17:56:04+0000 [7853] DEBUG Creating repo "rpmfusion-nonfree-steam" from config file "/etc/yum.repos.d/rpmfusion-nonfree-steam.repo" section "rpmfusion-nonfree-steam"
2026-03-19T17:56:04+0000 [7853] DEBUG Creating repo "rpmfusion-nonfree-steam-debuginfo" from config file "/etc/yum.repos.d/rpmfusion-nonfree-steam.repo" section "rpmfusion-nonfree-steam-debuginfo"
2026-03-19T17:56:04+0000 [7853] DEBUG Creating repo "rpmfusion-nonfree-steam-source" from config file "/etc/yum.repos.d/rpmfusion-nonfree-steam.repo" section "rpmfusion-nonfree-steam-source"
2026-03-19T17:56:04+0000 [7853] ERROR Команда возвращена с ошибкой: Для выполнения запрошенной операции требуются привилегии суперпользователя. Пожалуйста, войдите в систему как пользователь с повышенными правами или используйте опции "--assumeno" или "--downloadonly", чтобы выполнить команду без изменения состояния системы.
2026-03-19T17:57:10+0000 [7956] INFO --- DNF5 запущен с аргументами: "dnf copr enable elegas/gitflow" ---
2026-03-19T17:57:10+0000 [7956] DEBUG Loading plugin file="/usr/lib64/dnf5/plugins/builddep_cmd_plugin.so"
2026-03-19T17:57:10+0000 [7956] INFO Loaded dnf5 plugin "builddep" ("/usr/lib64/dnf5/plugins/builddep_cmd_plugin.so") version "1.0.0"
2026-03-19T17:57:10+0000 [7956] DEBUG Loading plugin file="/usr/lib64/dnf5/plugins/changelog_cmd_plugin.so"
2026-03-19T17:57:10+0000 [7956] INFO Loaded dnf5 plugin "changelog" ("/usr/lib64/dnf5/plugins/changelog_cmd_plugin.so") version "1.0.0"
2026-03-19T17:57:10+0000 [7956] DEBUG Loading plugin file="/usr/lib64/dnf5/plugins/config-manager_cmd_plugin.so"
2026-03-19T17:57:10+0000 [7956] INFO Loaded dnf5 plugin "config-manager" ("/usr/lib64/dnf5/plugins/config-manager_cmd_plugin.so") version "0.1.0"
2026-03-19T17:57:10+0000 [7956] DEBUG Loading plugin file="/usr/lib64/dnf5/plugins/copr_cmd_plugin.so"
2026-03-19T17:57:10+0000 [7956] INFO Loaded dnf5 plugin "copr" ("/usr/lib64/dnf5/plugins/copr_cmd_plugin.so") version "0.1.0"
2026-03-19T17:57:10+0000 [7956] DEBUG Loading plugin file="/usr/lib64/dnf5/plugins/needs_restarting_cmd_plugin.so"
2026-03-19T17:57:10+0000 [7956] INFO Loaded dnf5 plugin "needs_restarting" ("/usr/lib64/dnf5/plugins/needs_restarting_cmd_plugin.so") version "1.0.0"
2026-03-19T17:57:10+0000 [7956] DEBUG Loading plugin file="/usr/lib64/dnf5/plugins/repoclosure_cmd_plugin.so"
2026-03-19T17:57:10+0000 [7956] INFO Loaded dnf5 plugin "repoclosure" ("/usr/lib64/dnf5/plugins/repoclosure_cmd_plugin.so") version "1.0.0"
2026-03-19T17:57:10+0000 [7956] DEBUG Loading plugin file="/usr/lib64/dnf5/plugins/repomanage_cmd_plugin.so"
2026-03-19T17:57:10+0000 [7956] INFO Loaded dnf5 plugin "repomanage" ("/usr/lib64/dnf5/plugins/repomanage_cmd_plugin.so") version "1.0.0"
2026-03-19T17:57:10+0000 [7956] DEBUG Loading plugin file="/usr/lib64/dnf5/plugins/reposync_cmd_plugin.so"
2026-03-19T17:57:10+0000 [7956] INFO Loaded dnf5 plugin "reposync" ("/usr/lib64/dnf5/plugins/reposync_cmd_plugin.so") version "1.0.0"
2026-03-19T17:57:10+0000 [7956] DEBUG Loading plugin library file="/usr/lib64/libdnf5/plugins/notify_packagekit.so"
2026-03-19T17:57:10+0000 [7956] INFO Loaded libdnf plugin "notify_packagekit" ("/usr/lib64/libdnf5/plugins/notify_packagekit.so"), version="1.3.1"
2026-03-19T17:57:10+0000 [7956] DEBUG Trying to load more plugins using the "notify_packagekit" plugin.
2026-03-19T17:57:10+0000 [7956] DEBUG End of loading plugins using the "notify_packagekit" plugin.
2026-03-19T17:57:10+0000 [7956] DEBUG Creating repo "copr:copr.fedorainfracloud.org:phracek:PyCharm" from config file "/etc/yum.repos.d/_copr:copr.fedorainfracloud.org:phracek:PyCharm.repo" section "copr:copr.fedorainfracloud.org:phracek:PyCharm"
2026-03-19T17:57:10+0000 [7956] DEBUG Creating repo "fedora-cisco-openh264" from config file "/etc/yum.repos.d/fedora-cisco-openh264.repo" section "fedora-cisco-openh264"
2026-03-19T17:57:10+0000 [7956] DEBUG Creating repo "fedora-cisco-openh264-debuginfo" from config file "/etc/yum.repos.d/fedora-cisco-openh264.repo" section "fedora-cisco-openh264-debuginfo"
2026-03-19T17:57:10+0000 [7956] DEBUG Creating repo "fedora-cisco-openh264-source" from config file "/etc/yum.repos.d/fedora-cisco-openh264.repo" section "fedora-cisco-openh264-source"
2026-03-19T17:57:10+0000 [7956] DEBUG Creating repo "updates-testing" from config file "/etc/yum.repos.d/fedora-updates-testing.repo" section "updates-testing"
2026-03-19T17:57:10+0000 [7956] DEBUG Creating repo "updates-testing-debuginfo" from config file "/etc/yum.repos.d/fedora-updates-testing.repo" section "updates-testing-debuginfo"
2026-03-19T17:57:10+0000 [7956] DEBUG Creating repo "updates-testing-source" from config file "/etc/yum.repos.d/fedora-updates-testing.repo" section "updates-testing-source"
2026-03-19T17:57:10+0000 [7956] DEBUG Creating repo "updates" from config file "/etc/yum.repos.d/fedora-updates.repo" section "updates"
2026-03-19T17:57:10+0000 [7956] DEBUG Creating repo "updates-debuginfo" from config file "/etc/yum.repos.d/fedora-updates.repo" section "updates-debuginfo"
2026-03-19T17:57:10+0000 [7956] DEBUG Creating repo "updates-source" from config file "/etc/yum.repos.d/fedora-updates.repo" section "updates-source"
2026-03-19T17:57:10+0000 [7956] DEBUG Creating repo "fedora" from config file "/etc/yum.repos.d/fedora.repo" section "fedora"
2026-03-19T17:57:10+0000 [7956] DEBUG Creating repo "fedora-debuginfo" from config file "/etc/yum.repos.d/fedora.repo" section "fedora-debuginfo"
2026-03-19T17:57:10+0000 [7956] DEBUG Creating repo "fedora-source" from config file "/etc/yum.repos.d/fedora.repo" section "fedora-source"
2026-03-19T17:57:10+0000 [7956] DEBUG Creating repo "google-chrome" from config file "/etc/yum.repos.d/google-chrome.repo" section "google-chrome"
2026-03-19T17:57:10+0000 [7956] DEBUG Creating repo "rpmfusion-nonfree-nvidia-driver" from config file "/etc/yum.repos.d/rpmfusion-nonfree-nvidia-driver.repo" section "rpmfusion-nonfree-nvidia-driver"
2026-03-19T17:57:10+0000 [7956] DEBUG Creating repo "rpmfusion-nonfree-nvidia-driver-debuginfo" from config file "/etc/yum.repos.d/rpmfusion-nonfree-nvidia-driver.repo" section "rpmfusion-nonfree-nvidia-driver-debuginfo"
2026-03-19T17:57:10+0000 [7956] DEBUG Creating repo "rpmfusion-nonfree-nvidia-driver-source" from config file "/etc/yum.repos.d/rpmfusion-nonfree-nvidia-driver.repo" section "rpmfusion-nonfree-nvidia-driver-source"
2026-03-19T17:57:10+0000 [7956] DEBUG Creating repo "rpmfusion-nonfree-steam" from config file "/etc/yum.repos.d/rpmfusion-nonfree-steam.repo" section "rpmfusion-nonfree-steam"
2026-03-19T17:57:10+0000 [7956] DEBUG Creating repo "rpmfusion-nonfree-steam-debuginfo" from config file "/etc/yum.repos.d/rpmfusion-nonfree-steam.repo" section "rpmfusion-nonfree-steam-debuginfo"
2026-03-19T17:57:10+0000 [7956] DEBUG Creating repo "rpmfusion-nonfree-steam-source" from config file "/etc/yum.repos.d/rpmfusion-nonfree-steam.repo" section "rpmfusion-nonfree-steam-source"
2026-03-19T17:57:10+0000 [7956] INFO [librepo] Librepo version: 1.20.0 with CURL_GLOBAL_ACK_EINTR support (libcurl/8.15.0 OpenSSL/3.5.1 zlib/1.3.1.zlib-ng brotli/1.1.0 libidn2/2.3.8 libpsl/0.21.5 libssh/0.11.3/openssl/zlib nghttp2/1.66.0 OpenLDAP/2.6.10)
2026-03-19T17:57:10+0000 [7956] DEBUG [librepo] Current date: 2026-03-19T22:57:10+0500
2026-03-19T17:57:10+0000 [7956] DEBUG [librepo] lr_download: Target: https://copr.fedorainfracloud.org/api_3/rpmrepo/elegas/gitflow/fedora-43/ (-)
2026-03-19T17:57:10+0000 [7956] DEBUG [librepo] Selecting mirror for: https://copr.fedorainfracloud.org/api_3/rpmrepo/elegas/gitflow/fedora-43/
2026-03-19T17:57:10+0000 [7956] INFO [librepo] Downloading: https://copr.fedorainfracloud.org/api_3/rpmrepo/elegas/gitflow/fedora-43/
2026-03-19T17:57:10+0000 [7956] DEBUG [librepo] prepare_next_transfer: Resume ignored, existing file was not originally being downloaded by Librepo
2026-03-19T17:57:10+0000 [7956] DEBUG [librepo] lr_download: Downloading started
2026-03-19T17:57:11+0000 [7956] DEBUG [librepo] Transfer finished: https://copr.fedorainfracloud.org/api_3/rpmrepo/elegas/gitflow/fedora-43/ (Effective url: https://copr.fedorainfracloud.org/api_3/rpmrepo/elegas/gitflow/fedora-43/)
2026-03-19T17:57:11+0000 [7956] INFO [librepo] Error during transfer: Status code: 404 for https://copr.fedorainfracloud.org/api_3/rpmrepo/elegas/gitflow/fedora-43/ (IP: 2600:1f18:8ee:ae00:9d1f:4737:93ce:6db)
2026-03-19T17:57:11+0000 [7956] DEBUG [librepo] check_transfer_statuses: Ignore error - Retry download
2026-03-19T17:57:11+0000 [7956] DEBUG [librepo] Selecting mirror for: https://copr.fedorainfracloud.org/api_3/rpmrepo/elegas/gitflow/fedora-43/
2026-03-19T17:57:11+0000 [7956] INFO [librepo] Downloading: https://copr.fedorainfracloud.org/api_3/rpmrepo/elegas/gitflow/fedora-43/
2026-03-19T17:57:12+0000 [7956] DEBUG [librepo] Transfer finished: https://copr.fedorainfracloud.org/api_3/rpmrepo/elegas/gitflow/fedora-43/ (Effective url: https://copr.fedorainfracloud.org/api_3/rpmrepo/elegas/gitflow/fedora-43/)
2026-03-19T17:57:12+0000 [7956] INFO [librepo] Error during transfer: Status code: 404 for https://copr.fedorainfracloud.org/api_3/rpmrepo/elegas/gitflow/fedora-43/ (IP: 2600:1f18:8ee:ae00:9d1f:4737:93ce:6db)
2026-03-19T17:57:12+0000 [7956] DEBUG [librepo] check_transfer_statuses: Ignore error - Retry download
2026-03-19T17:57:12+0000 [7956] DEBUG [librepo] Selecting mirror for: https://copr.fedorainfracloud.org/api_3/rpmrepo/elegas/gitflow/fedora-43/
2026-03-19T17:57:12+0000 [7956] INFO [librepo] Downloading: https://copr.fedorainfracloud.org/api_3/rpmrepo/elegas/gitflow/fedora-43/
2026-03-19T17:57:12+0000 [7956] DEBUG [librepo] Transfer finished: https://copr.fedorainfracloud.org/api_3/rpmrepo/elegas/gitflow/fedora-43/ (Effective url: https://copr.fedorainfracloud.org/api_3/rpmrepo/elegas/gitflow/fedora-43/)
2026-03-19T17:57:12+0000 [7956] INFO [librepo] Error during transfer: Status code: 404 for https://copr.fedorainfracloud.org/api_3/rpmrepo/elegas/gitflow/fedora-43/ (IP: 2600:1f18:8ee:ae00:9d1f:4737:93ce:6db)
2026-03-19T17:57:12+0000 [7956] DEBUG [librepo] check_transfer_statuses: Ignore error - Retry download
2026-03-19T17:57:12+0000 [7956] DEBUG [librepo] Selecting mirror for: https://copr.fedorainfracloud.org/api_3/rpmrepo/elegas/gitflow/fedora-43/
2026-03-19T17:57:12+0000 [7956] INFO [librepo] Downloading: https://copr.fedorainfracloud.org/api_3/rpmrepo/elegas/gitflow/fedora-43/
2026-03-19T17:57:12+0000 [7956] DEBUG [librepo] Transfer finished: https://copr.fedorainfracloud.org/api_3/rpmrepo/elegas/gitflow/fedora-43/ (Effective url: https://copr.fedorainfracloud.org/api_3/rpmrepo/elegas/gitflow/fedora-43/)
2026-03-19T17:57:12+0000 [7956] INFO [librepo] Error during transfer: Status code: 404 for https://copr.fedorainfracloud.org/api_3/rpmrepo/elegas/gitflow/fedora-43/ (IP: 2600:1f18:8ee:ae00:9d1f:4737:93ce:6db)
2026-03-19T17:57:12+0000 [7956] DEBUG [librepo] check_transfer_statuses: No more retries (tried: 4)
2026-03-19T17:57:12+0000 [7956] INFO [librepo] Error while downloading: Status code: 404 for https://copr.fedorainfracloud.org/api_3/rpmrepo/elegas/gitflow/fedora-43/ (IP: 2600:1f18:8ee:ae00:9d1f:4737:93ce:6db)
2026-03-19T17:57:12+0000 [7956] ERROR Команда возвращена с ошибкой: Не удалось загрузить файлы
2026-03-19T17:58:08+0000 [7989] INFO --- DNF5 запущен с аргументами: "dnf copr enable elegos/gitflow" ---
2026-03-19T17:58:08+0000 [7989] DEBUG Loading plugin file="/usr/lib64/dnf5/plugins/builddep_cmd_plugin.so"
2026-03-19T17:58:08+0000 [7989] INFO Loaded dnf5 plugin "builddep" ("/usr/lib64/dnf5/plugins/builddep_cmd_plugin.so") version "1.0.0"
2026-03-19T17:58:08+0000 [7989] DEBUG Loading plugin file="/usr/lib64/dnf5/plugins/changelog_cmd_plugin.so"
2026-03-19T17:58:08+0000 [7989] INFO Loaded dnf5 plugin "changelog" ("/usr/lib64/dnf5/plugins/changelog_cmd_plugin.so") version "1.0.0"
2026-03-19T17:58:08+0000 [7989] DEBUG Loading plugin file="/usr/lib64/dnf5/plugins/config-manager_cmd_plugin.so"
2026-03-19T17:58:08+0000 [7989] INFO Loaded dnf5 plugin "config-manager" ("/usr/lib64/dnf5/plugins/config-manager_cmd_plugin.so") version "0.1.0"
2026-03-19T17:58:08+0000 [7989] DEBUG Loading plugin file="/usr/lib64/dnf5/plugins/copr_cmd_plugin.so"
2026-03-19T17:58:08+0000 [7989] INFO Loaded dnf5 plugin "copr" ("/usr/lib64/dnf5/plugins/copr_cmd_plugin.so") version "0.1.0"
2026-03-19T17:58:08+0000 [7989] DEBUG Loading plugin file="/usr/lib64/dnf5/plugins/needs_restarting_cmd_plugin.so"
2026-03-19T17:58:08+0000 [7989] INFO Loaded dnf5 plugin "needs_restarting" ("/usr/lib64/dnf5/plugins/needs_restarting_cmd_plugin.so") version "1.0.0"
2026-03-19T17:58:08+0000 [7989] DEBUG Loading plugin file="/usr/lib64/dnf5/plugins/repoclosure_cmd_plugin.so"
2026-03-19T17:58:08+0000 [7989] INFO Loaded dnf5 plugin "repoclosure" ("/usr/lib64/dnf5/plugins/repoclosure_cmd_plugin.so") version "1.0.0"
2026-03-19T17:58:08+0000 [7989] DEBUG Loading plugin file="/usr/lib64/dnf5/plugins/repomanage_cmd_plugin.so"
2026-03-19T17:58:08+0000 [7989] INFO Loaded dnf5 plugin "repomanage" ("/usr/lib64/dnf5/plugins/repomanage_cmd_plugin.so") version "1.0.0"
2026-03-19T17:58:08+0000 [7989] DEBUG Loading plugin file="/usr/lib64/dnf5/plugins/reposync_cmd_plugin.so"
2026-03-19T17:58:08+0000 [7989] INFO Loaded dnf5 plugin "reposync" ("/usr/lib64/dnf5/plugins/reposync_cmd_plugin.so") version "1.0.0"
2026-03-19T17:58:08+0000 [7989] DEBUG Loading plugin library file="/usr/lib64/libdnf5/plugins/notify_packagekit.so"
2026-03-19T17:58:08+0000 [7989] INFO Loaded libdnf plugin "notify_packagekit" ("/usr/lib64/libdnf5/plugins/notify_packagekit.so"), version="1.3.1"
2026-03-19T17:58:08+0000 [7989] DEBUG Trying to load more plugins using the "notify_packagekit" plugin.
2026-03-19T17:58:08+0000 [7989] DEBUG End of loading plugins using the "notify_packagekit" plugin.
2026-03-19T17:58:08+0000 [7989] DEBUG Creating repo "copr:copr.fedorainfracloud.org:phracek:PyCharm" from config file "/etc/yum.repos.d/_copr:copr.fedorainfracloud.org:phracek:PyCharm.repo" section "copr:copr.fedorainfracloud.org:phracek:PyCharm"
2026-03-19T17:58:08+0000 [7989] DEBUG Creating repo "fedora-cisco-openh264" from config file "/etc/yum.repos.d/fedora-cisco-openh264.repo" section "fedora-cisco-openh264"
2026-03-19T17:58:08+0000 [7989] DEBUG Creating repo "fedora-cisco-openh264-debuginfo" from config file "/etc/yum.repos.d/fedora-cisco-openh264.repo" section "fedora-cisco-openh264-debuginfo"
2026-03-19T17:58:08+0000 [7989] DEBUG Creating repo "fedora-cisco-openh264-source" from config file "/etc/yum.repos.d/fedora-cisco-openh264.repo" section "fedora-cisco-openh264-source"
2026-03-19T17:58:08+0000 [7989] DEBUG Creating repo "updates-testing" from config file "/etc/yum.repos.d/fedora-updates-testing.repo" section "updates-testing"
2026-03-19T17:58:08+0000 [7989] DEBUG Creating repo "updates-testing-debuginfo" from config file "/etc/yum.repos.d/fedora-updates-testing.repo" section "updates-testing-debuginfo"
2026-03-19T17:58:08+0000 [7989] DEBUG Creating repo "updates-testing-source" from config file "/etc/yum.repos.d/fedora-updates-testing.repo" section "updates-testing-source"
2026-03-19T17:58:08+0000 [7989] DEBUG Creating repo "updates" from config file "/etc/yum.repos.d/fedora-updates.repo" section "updates"
2026-03-19T17:58:08+0000 [7989] DEBUG Creating repo "updates-debuginfo" from config file "/etc/yum.repos.d/fedora-updates.repo" section "updates-debuginfo"
2026-03-19T17:58:08+0000 [7989] DEBUG Creating repo "updates-source" from config file "/etc/yum.repos.d/fedora-updates.repo" section "updates-source"
2026-03-19T17:58:08+0000 [7989] DEBUG Creating repo "fedora" from config file "/etc/yum.repos.d/fedora.repo" section "fedora"
2026-03-19T17:58:08+0000 [7989] DEBUG Creating repo "fedora-debuginfo" from config file "/etc/yum.repos.d/fedora.repo" section "fedora-debuginfo"
2026-03-19T17:58:08+0000 [7989] DEBUG Creating repo "fedora-source" from config file "/etc/yum.repos.d/fedora.repo" section "fedora-source"
2026-03-19T17:58:08+0000 [7989] DEBUG Creating repo "google-chrome" from config file "/etc/yum.repos.d/google-chrome.repo" section "google-chrome"
2026-03-19T17:58:08+0000 [7989] DEBUG Creating repo "rpmfusion-nonfree-nvidia-driver" from config file "/etc/yum.repos.d/rpmfusion-nonfree-nvidia-driver.repo" section "rpmfusion-nonfree-nvidia-driver"
2026-03-19T17:58:08+0000 [7989] DEBUG Creating repo "rpmfusion-nonfree-nvidia-driver-debuginfo" from config file "/etc/yum.repos.d/rpmfusion-nonfree-nvidia-driver.repo" section "rpmfusion-nonfree-nvidia-driver-debuginfo"
2026-03-19T17:58:08+0000 [7989] DEBUG Creating repo "rpmfusion-nonfree-nvidia-driver-source" from config file "/etc/yum.repos.d/rpmfusion-nonfree-nvidia-driver.repo" section "rpmfusion-nonfree-nvidia-driver-source"
2026-03-19T17:58:08+0000 [7989] DEBUG Creating repo "rpmfusion-nonfree-steam" from config file "/etc/yum.repos.d/rpmfusion-nonfree-steam.repo" section "rpmfusion-nonfree-steam"
2026-03-19T17:58:08+0000 [7989] DEBUG Creating repo "rpmfusion-nonfree-steam-debuginfo" from config file "/etc/yum.repos.d/rpmfusion-nonfree-steam.repo" section "rpmfusion-nonfree-steam-debuginfo"
2026-03-19T17:58:08+0000 [7989] DEBUG Creating repo "rpmfusion-nonfree-steam-source" from config file "/etc/yum.repos.d/rpmfusion-nonfree-steam.repo" section "rpmfusion-nonfree-steam-source"
2026-03-19T17:58:08+0000 [7989] INFO [librepo] Librepo version: 1.20.0 with CURL_GLOBAL_ACK_EINTR support (libcurl/8.15.0 OpenSSL/3.5.1 zlib/1.3.1.zlib-ng brotli/1.1.0 libidn2/2.3.8 libpsl/0.21.5 libssh/0.11.3/openssl/zlib nghttp2/1.66.0 OpenLDAP/2.6.10)
2026-03-19T17:58:08+0000 [7989] DEBUG [librepo] Current date: 2026-03-19T22:58:08+0500
2026-03-19T17:58:08+0000 [7989] DEBUG [librepo] lr_download: Target: https://copr.fedorainfracloud.org/api_3/rpmrepo/elegos/gitflow/fedora-43/ (-)
2026-03-19T17:58:08+0000 [7989] DEBUG [librepo] Selecting mirror for: https://copr.fedorainfracloud.org/api_3/rpmrepo/elegos/gitflow/fedora-43/
2026-03-19T17:58:08+0000 [7989] INFO [librepo] Downloading: https://copr.fedorainfracloud.org/api_3/rpmrepo/elegos/gitflow/fedora-43/
2026-03-19T17:58:08+0000 [7989] DEBUG [librepo] prepare_next_transfer: Resume ignored, existing file was not originally being downloaded by Librepo
2026-03-19T17:58:08+0000 [7989] DEBUG [librepo] lr_download: Downloading started
2026-03-19T17:58:11+0000 [7989] DEBUG [librepo] Transfer finished: https://copr.fedorainfracloud.org/api_3/rpmrepo/elegos/gitflow/fedora-43/ (Effective url: https://copr.fedorainfracloud.org/api_3/rpmrepo/elegos/gitflow/fedora-43/)
2026-03-19T17:58:13+0000 [7989] ERROR Команда возвращена с ошибкой: filesystem error: cannot set permissions: Нет такого файла или каталога [/etc/yum.repos.d/_copr:copr.fedorainfracloud.org:elegos:gitflow.repo]
2026-03-19T17:58:30+0000 [8018] INFO --- DNF5 запущен с аргументами: "dnf install gitflow" ---
2026-03-19T17:58:30+0000 [8018] DEBUG Loading plugin file="/usr/lib64/dnf5/plugins/builddep_cmd_plugin.so"
2026-03-19T17:58:30+0000 [8018] INFO Loaded dnf5 plugin "builddep" ("/usr/lib64/dnf5/plugins/builddep_cmd_plugin.so") version "1.0.0"
2026-03-19T17:58:30+0000 [8018] DEBUG Loading plugin file="/usr/lib64/dnf5/plugins/changelog_cmd_plugin.so"
2026-03-19T17:58:30+0000 [8018] INFO Loaded dnf5 plugin "changelog" ("/usr/lib64/dnf5/plugins/changelog_cmd_plugin.so") version "1.0.0"
2026-03-19T17:58:30+0000 [8018] DEBUG Loading plugin file="/usr/lib64/dnf5/plugins/config-manager_cmd_plugin.so"
2026-03-19T17:58:30+0000 [8018] INFO Loaded dnf5 plugin "config-manager" ("/usr/lib64/dnf5/plugins/config-manager_cmd_plugin.so") version "0.1.0"
2026-03-19T17:58:30+0000 [8018] DEBUG Loading plugin file="/usr/lib64/dnf5/plugins/copr_cmd_plugin.so"
2026-03-19T17:58:30+0000 [8018] INFO Loaded dnf5 plugin "copr" ("/usr/lib64/dnf5/plugins/copr_cmd_plugin.so") version "0.1.0"
2026-03-19T17:58:30+0000 [8018] DEBUG Loading plugin file="/usr/lib64/dnf5/plugins/needs_restarting_cmd_plugin.so"
2026-03-19T17:58:30+0000 [8018] INFO Loaded dnf5 plugin "needs_restarting" ("/usr/lib64/dnf5/plugins/needs_restarting_cmd_plugin.so") version "1.0.0"
2026-03-19T17:58:30+0000 [8018] DEBUG Loading plugin file="/usr/lib64/dnf5/plugins/repoclosure_cmd_plugin.so"
2026-03-19T17:58:30+0000 [8018] INFO Loaded dnf5 plugin "repoclosure" ("/usr/lib64/dnf5/plugins/repoclosure_cmd_plugin.so") version "1.0.0"
2026-03-19T17:58:30+0000 [8018] DEBUG Loading plugin file="/usr/lib64/dnf5/plugins/repomanage_cmd_plugin.so"
2026-03-19T17:58:30+0000 [8018] INFO Loaded dnf5 plugin "repomanage" ("/usr/lib64/dnf5/plugins/repomanage_cmd_plugin.so") version "1.0.0"
2026-03-19T17:58:30+0000 [8018] DEBUG Loading plugin file="/usr/lib64/dnf5/plugins/reposync_cmd_plugin.so"
2026-03-19T17:58:30+0000 [8018] INFO Loaded dnf5 plugin "reposync" ("/usr/lib64/dnf5/plugins/reposync_cmd_plugin.so") version "1.0.0"
2026-03-19T17:58:30+0000 [8018] DEBUG Loading plugin library file="/usr/lib64/libdnf5/plugins/notify_packagekit.so"
2026-03-19T17:58:30+0000 [8018] INFO Loaded libdnf plugin "notify_packagekit" ("/usr/lib64/libdnf5/plugins/notify_packagekit.so"), version="1.3.1"
2026-03-19T17:58:30+0000 [8018] DEBUG Trying to load more plugins using the "notify_packagekit" plugin.
2026-03-19T17:58:30+0000 [8018] DEBUG End of loading plugins using the "notify_packagekit" plugin.
2026-03-19T17:58:30+0000 [8018] DEBUG Creating repo "copr:copr.fedorainfracloud.org:phracek:PyCharm" from config file "/etc/yum.repos.d/_copr:copr.fedorainfracloud.org:phracek:PyCharm.repo" section "copr:copr.fedorainfracloud.org:phracek:PyCharm"
2026-03-19T17:58:30+0000 [8018] DEBUG Creating repo "fedora-cisco-openh264" from config file "/etc/yum.repos.d/fedora-cisco-openh264.repo" section "fedora-cisco-openh264"
2026-03-19T17:58:30+0000 [8018] DEBUG Creating repo "fedora-cisco-openh264-debuginfo" from config file "/etc/yum.repos.d/fedora-cisco-openh264.repo" section "fedora-cisco-openh264-debuginfo"
2026-03-19T17:58:30+0000 [8018] DEBUG Creating repo "fedora-cisco-openh264-source" from config file "/etc/yum.repos.d/fedora-cisco-openh264.repo" section "fedora-cisco-openh264-source"
2026-03-19T17:58:30+0000 [8018] DEBUG Creating repo "updates-testing" from config file "/etc/yum.repos.d/fedora-updates-testing.repo" section "updates-testing"
2026-03-19T17:58:30+0000 [8018] DEBUG Creating repo "updates-testing-debuginfo" from config file "/etc/yum.repos.d/fedora-updates-testing.repo" section "updates-testing-debuginfo"
2026-03-19T17:58:30+0000 [8018] DEBUG Creating repo "updates-testing-source" from config file "/etc/yum.repos.d/fedora-updates-testing.repo" section "updates-testing-source"
2026-03-19T17:58:30+0000 [8018] DEBUG Creating repo "updates" from config file "/etc/yum.repos.d/fedora-updates.repo" section "updates"
2026-03-19T17:58:30+0000 [8018] DEBUG Creating repo "updates-debuginfo" from config file "/etc/yum.repos.d/fedora-updates.repo" section "updates-debuginfo"
2026-03-19T17:58:30+0000 [8018] DEBUG Creating repo "updates-source" from config file "/etc/yum.repos.d/fedora-updates.repo" section "updates-source"
2026-03-19T17:58:30+0000 [8018] DEBUG Creating repo "fedora" from config file "/etc/yum.repos.d/fedora.repo" section "fedora"
2026-03-19T17:58:30+0000 [8018] DEBUG Creating repo "fedora-debuginfo" from config file "/etc/yum.repos.d/fedora.repo" section "fedora-debuginfo"
2026-03-19T17:58:30+0000 [8018] DEBUG Creating repo "fedora-source" from config file "/etc/yum.repos.d/fedora.repo" section "fedora-source"
2026-03-19T17:58:30+0000 [8018] DEBUG Creating repo "google-chrome" from config file "/etc/yum.repos.d/google-chrome.repo" section "google-chrome"
2026-03-19T17:58:30+0000 [8018] DEBUG Creating repo "rpmfusion-nonfree-nvidia-driver" from config file "/etc/yum.repos.d/rpmfusion-nonfree-nvidia-driver.repo" section "rpmfusion-nonfree-nvidia-driver"
2026-03-19T17:58:30+0000 [8018] DEBUG Creating repo "rpmfusion-nonfree-nvidia-driver-debuginfo" from config file "/etc/yum.repos.d/rpmfusion-nonfree-nvidia-driver.repo" section "rpmfusion-nonfree-nvidia-driver-debuginfo"
2026-03-19T17:58:30+0000 [8018] DEBUG Creating repo "rpmfusion-nonfree-nvidia-driver-source" from config file "/etc/yum.repos.d/rpmfusion-nonfree-nvidia-driver.repo" section "rpmfusion-nonfree-nvidia-driver-source"
2026-03-19T17:58:30+0000 [8018] DEBUG Creating repo "rpmfusion-nonfree-steam" from config file "/etc/yum.repos.d/rpmfusion-nonfree-steam.repo" section "rpmfusion-nonfree-steam"
2026-03-19T17:58:30+0000 [8018] DEBUG Creating repo "rpmfusion-nonfree-steam-debuginfo" from config file "/etc/yum.repos.d/rpmfusion-nonfree-steam.repo" section "rpmfusion-nonfree-steam-debuginfo"
2026-03-19T17:58:30+0000 [8018] DEBUG Creating repo "rpmfusion-nonfree-steam-source" from config file "/etc/yum.repos.d/rpmfusion-nonfree-steam.repo" section "rpmfusion-nonfree-steam-source"
2026-03-19T17:58:30+0000 [8018] ERROR Команда возвращена с ошибкой: Для выполнения запрошенной операции требуются привилегии суперпользователя. Пожалуйста, войдите в систему как пользователь с повышенными правами или используйте опции "--assumeno" или "--downloadonly", чтобы выполнить команду без изменения состояния системы.
2026-03-19T17:59:00+0000 [8153] INFO --- DNF5 запущен с аргументами: "dnf copr enable elegos/gitflow" ---
2026-03-19T17:59:00+0000 [8153] DEBUG Loading plugin file="/usr/lib64/dnf5/plugins/builddep_cmd_plugin.so"
2026-03-19T17:59:00+0000 [8153] INFO Loaded dnf5 plugin "builddep" ("/usr/lib64/dnf5/plugins/builddep_cmd_plugin.so") version "1.0.0"
2026-03-19T17:59:00+0000 [8153] DEBUG Loading plugin file="/usr/lib64/dnf5/plugins/changelog_cmd_plugin.so"
2026-03-19T17:59:00+0000 [8153] INFO Loaded dnf5 plugin "changelog" ("/usr/lib64/dnf5/plugins/changelog_cmd_plugin.so") version "1.0.0"
2026-03-19T17:59:00+0000 [8153] DEBUG Loading plugin file="/usr/lib64/dnf5/plugins/config-manager_cmd_plugin.so"
2026-03-19T17:59:00+0000 [8153] INFO Loaded dnf5 plugin "config-manager" ("/usr/lib64/dnf5/plugins/config-manager_cmd_plugin.so") version "0.1.0"
2026-03-19T17:59:00+0000 [8153] DEBUG Loading plugin file="/usr/lib64/dnf5/plugins/copr_cmd_plugin.so"
2026-03-19T17:59:00+0000 [8153] INFO Loaded dnf5 plugin "copr" ("/usr/lib64/dnf5/plugins/copr_cmd_plugin.so") version "0.1.0"
2026-03-19T17:59:00+0000 [8153] DEBUG Loading plugin file="/usr/lib64/dnf5/plugins/needs_restarting_cmd_plugin.so"
2026-03-19T17:59:00+0000 [8153] INFO Loaded dnf5 plugin "needs_restarting" ("/usr/lib64/dnf5/plugins/needs_restarting_cmd_plugin.so") version "1.0.0"
2026-03-19T17:59:00+0000 [8153] DEBUG Loading plugin file="/usr/lib64/dnf5/plugins/repoclosure_cmd_plugin.so"
2026-03-19T17:59:00+0000 [8153] INFO Loaded dnf5 plugin "repoclosure" ("/usr/lib64/dnf5/plugins/repoclosure_cmd_plugin.so") version "1.0.0"
2026-03-19T17:59:00+0000 [8153] DEBUG Loading plugin file="/usr/lib64/dnf5/plugins/repomanage_cmd_plugin.so"
2026-03-19T17:59:00+0000 [8153] INFO Loaded dnf5 plugin "repomanage" ("/usr/lib64/dnf5/plugins/repomanage_cmd_plugin.so") version "1.0.0"
2026-03-19T17:59:00+0000 [8153] DEBUG Loading plugin file="/usr/lib64/dnf5/plugins/reposync_cmd_plugin.so"
2026-03-19T17:59:00+0000 [8153] INFO Loaded dnf5 plugin "reposync" ("/usr/lib64/dnf5/plugins/reposync_cmd_plugin.so") version "1.0.0"
2026-03-19T17:59:00+0000 [8153] DEBUG Loading plugin library file="/usr/lib64/libdnf5/plugins/notify_packagekit.so"
2026-03-19T17:59:00+0000 [8153] INFO Loaded libdnf plugin "notify_packagekit" ("/usr/lib64/libdnf5/plugins/notify_packagekit.so"), version="1.3.1"
2026-03-19T17:59:00+0000 [8153] DEBUG Trying to load more plugins using the "notify_packagekit" plugin.
2026-03-19T17:59:00+0000 [8153] DEBUG End of loading plugins using the "notify_packagekit" plugin.
2026-03-19T17:59:00+0000 [8153] DEBUG Creating repo "copr:copr.fedorainfracloud.org:phracek:PyCharm" from config file "/etc/yum.repos.d/_copr:copr.fedorainfracloud.org:phracek:PyCharm.repo" section "copr:copr.fedorainfracloud.org:phracek:PyCharm"
2026-03-19T17:59:00+0000 [8153] DEBUG Creating repo "fedora-cisco-openh264" from config file "/etc/yum.repos.d/fedora-cisco-openh264.repo" section "fedora-cisco-openh264"
2026-03-19T17:59:00+0000 [8153] DEBUG Creating repo "fedora-cisco-openh264-debuginfo" from config file "/etc/yum.repos.d/fedora-cisco-openh264.repo" section "fedora-cisco-openh264-debuginfo"
2026-03-19T17:59:00+0000 [8153] DEBUG Creating repo "fedora-cisco-openh264-source" from config file "/etc/yum.repos.d/fedora-cisco-openh264.repo" section "fedora-cisco-openh264-source"
2026-03-19T17:59:00+0000 [8153] DEBUG Creating repo "updates-testing" from config file "/etc/yum.repos.d/fedora-updates-testing.repo" section "updates-testing"
2026-03-19T17:59:00+0000 [8153] DEBUG Creating repo "updates-testing-debuginfo" from config file "/etc/yum.repos.d/fedora-updates-testing.repo" section "updates-testing-debuginfo"
2026-03-19T17:59:00+0000 [8153] DEBUG Creating repo "updates-testing-source" from config file "/etc/yum.repos.d/fedora-updates-testing.repo" section "updates-testing-source"
2026-03-19T17:59:00+0000 [8153] DEBUG Creating repo "updates" from config file "/etc/yum.repos.d/fedora-updates.repo" section "updates"
2026-03-19T17:59:00+0000 [8153] DEBUG Creating repo "updates-debuginfo" from config file "/etc/yum.repos.d/fedora-updates.repo" section "updates-debuginfo"
2026-03-19T17:59:00+0000 [8153] DEBUG Creating repo "updates-source" from config file "/etc/yum.repos.d/fedora-updates.repo" section "updates-source"
2026-03-19T17:59:00+0000 [8153] DEBUG Creating repo "fedora" from config file "/etc/yum.repos.d/fedora.repo" section "fedora"
2026-03-19T17:59:00+0000 [8153] DEBUG Creating repo "fedora-debuginfo" from config file "/etc/yum.repos.d/fedora.repo" section "fedora-debuginfo"
2026-03-19T17:59:00+0000 [8153] DEBUG Creating repo "fedora-source" from config file "/etc/yum.repos.d/fedora.repo" section "fedora-source"
2026-03-19T17:59:00+0000 [8153] DEBUG Creating repo "google-chrome" from config file "/etc/yum.repos.d/google-chrome.repo" section "google-chrome"
2026-03-19T17:59:00+0000 [8153] DEBUG Creating repo "rpmfusion-nonfree-nvidia-driver" from config file "/etc/yum.repos.d/rpmfusion-nonfree-nvidia-driver.repo" section "rpmfusion-nonfree-nvidia-driver"
2026-03-19T17:59:00+0000 [8153] DEBUG Creating repo "rpmfusion-nonfree-nvidia-driver-debuginfo" from config file "/etc/yum.repos.d/rpmfusion-nonfree-nvidia-driver.repo" section "rpmfusion-nonfree-nvidia-driver-debuginfo"
2026-03-19T17:59:00+0000 [8153] DEBUG Creating repo "rpmfusion-nonfree-nvidia-driver-source" from config file "/etc/yum.repos.d/rpmfusion-nonfree-nvidia-driver.repo" section "rpmfusion-nonfree-nvidia-driver-source"
2026-03-19T17:59:00+0000 [8153] DEBUG Creating repo "rpmfusion-nonfree-steam" from config file "/etc/yum.repos.d/rpmfusion-nonfree-steam.repo" section "rpmfusion-nonfree-steam"
2026-03-19T17:59:00+0000 [8153] DEBUG Creating repo "rpmfusion-nonfree-steam-debuginfo" from config file "/etc/yum.repos.d/rpmfusion-nonfree-steam.repo" section "rpmfusion-nonfree-steam-debuginfo"
2026-03-19T17:59:00+0000 [8153] DEBUG Creating repo "rpmfusion-nonfree-steam-source" from config file "/etc/yum.repos.d/rpmfusion-nonfree-steam.repo" section "rpmfusion-nonfree-steam-source"
2026-03-19T17:59:00+0000 [8153] INFO [librepo] Librepo version: 1.20.0 with CURL_GLOBAL_ACK_EINTR support (libcurl/8.15.0 OpenSSL/3.5.1 zlib/1.3.1.zlib-ng brotli/1.1.0 libidn2/2.3.8 libpsl/0.21.5 libssh/0.11.3/openssl/zlib nghttp2/1.66.0 OpenLDAP/2.6.10)
2026-03-19T17:59:00+0000 [8153] DEBUG [librepo] Current date: 2026-03-19T22:59:00+0500
2026-03-19T17:59:00+0000 [8153] DEBUG [librepo] lr_download: Target: https://copr.fedorainfracloud.org/api_3/rpmrepo/elegos/gitflow/fedora-43/ (-)
2026-03-19T17:59:00+0000 [8153] DEBUG [librepo] Selecting mirror for: https://copr.fedorainfracloud.org/api_3/rpmrepo/elegos/gitflow/fedora-43/
2026-03-19T17:59:00+0000 [8153] INFO [librepo] Downloading: https://copr.fedorainfracloud.org/api_3/rpmrepo/elegos/gitflow/fedora-43/
2026-03-19T17:59:00+0000 [8153] DEBUG [librepo] prepare_next_transfer: Resume ignored, existing file was not originally being downloaded by Librepo
2026-03-19T17:59:00+0000 [8153] DEBUG [librepo] lr_download: Downloading started
2026-03-19T17:59:02+0000 [8153] DEBUG [librepo] Transfer finished: https://copr.fedorainfracloud.org/api_3/rpmrepo/elegos/gitflow/fedora-43/ (Effective url: https://copr.fedorainfracloud.org/api_3/rpmrepo/elegos/gitflow/fedora-43/)
2026-03-19T17:59:06+0000 [8153] ERROR Команда возвращена с ошибкой: filesystem error: cannot set permissions: Нет такого файла или каталога [/etc/yum.repos.d/_copr:copr.fedorainfracloud.org:elegos:gitflow.repo]
2026-03-19T17:59:06+0000 [8155] INFO --- DNF5 запущен с аргументами: "dnf install gitflow" ---
2026-03-19T17:59:06+0000 [8155] DEBUG Loading plugin file="/usr/lib64/dnf5/plugins/builddep_cmd_plugin.so"
2026-03-19T17:59:06+0000 [8155] INFO Loaded dnf5 plugin "builddep" ("/usr/lib64/dnf5/plugins/builddep_cmd_plugin.so") version "1.0.0"
2026-03-19T17:59:06+0000 [8155] DEBUG Loading plugin file="/usr/lib64/dnf5/plugins/changelog_cmd_plugin.so"
2026-03-19T17:59:06+0000 [8155] INFO Loaded dnf5 plugin "changelog" ("/usr/lib64/dnf5/plugins/changelog_cmd_plugin.so") version "1.0.0"
2026-03-19T17:59:06+0000 [8155] DEBUG Loading plugin file="/usr/lib64/dnf5/plugins/config-manager_cmd_plugin.so"
2026-03-19T17:59:06+0000 [8155] INFO Loaded dnf5 plugin "config-manager" ("/usr/lib64/dnf5/plugins/config-manager_cmd_plugin.so") version "0.1.0"
2026-03-19T17:59:06+0000 [8155] DEBUG Loading plugin file="/usr/lib64/dnf5/plugins/copr_cmd_plugin.so"
2026-03-19T17:59:06+0000 [8155] INFO Loaded dnf5 plugin "copr" ("/usr/lib64/dnf5/plugins/copr_cmd_plugin.so") version "0.1.0"
2026-03-19T17:59:06+0000 [8155] DEBUG Loading plugin file="/usr/lib64/dnf5/plugins/needs_restarting_cmd_plugin.so"
2026-03-19T17:59:06+0000 [8155] INFO Loaded dnf5 plugin "needs_restarting" ("/usr/lib64/dnf5/plugins/needs_restarting_cmd_plugin.so") version "1.0.0"
2026-03-19T17:59:06+0000 [8155] DEBUG Loading plugin file="/usr/lib64/dnf5/plugins/repoclosure_cmd_plugin.so"
2026-03-19T17:59:06+0000 [8155] INFO Loaded dnf5 plugin "repoclosure" ("/usr/lib64/dnf5/plugins/repoclosure_cmd_plugin.so") version "1.0.0"
2026-03-19T17:59:06+0000 [8155] DEBUG Loading plugin file="/usr/lib64/dnf5/plugins/repomanage_cmd_plugin.so"
2026-03-19T17:59:06+0000 [8155] INFO Loaded dnf5 plugin "repomanage" ("/usr/lib64/dnf5/plugins/repomanage_cmd_plugin.so") version "1.0.0"
2026-03-19T17:59:06+0000 [8155] DEBUG Loading plugin file="/usr/lib64/dnf5/plugins/reposync_cmd_plugin.so"
2026-03-19T17:59:06+0000 [8155] INFO Loaded dnf5 plugin "reposync" ("/usr/lib64/dnf5/plugins/reposync_cmd_plugin.so") version "1.0.0"
2026-03-19T17:59:06+0000 [8155] DEBUG Loading plugin library file="/usr/lib64/libdnf5/plugins/notify_packagekit.so"
2026-03-19T17:59:06+0000 [8155] INFO Loaded libdnf plugin "notify_packagekit" ("/usr/lib64/libdnf5/plugins/notify_packagekit.so"), version="1.3.1"
2026-03-19T17:59:06+0000 [8155] DEBUG Trying to load more plugins using the "notify_packagekit" plugin.
2026-03-19T17:59:06+0000 [8155] DEBUG End of loading plugins using the "notify_packagekit" plugin.
2026-03-19T17:59:06+0000 [8155] DEBUG Creating repo "copr:copr.fedorainfracloud.org:phracek:PyCharm" from config file "/etc/yum.repos.d/_copr:copr.fedorainfracloud.org:phracek:PyCharm.repo" section "copr:copr.fedorainfracloud.org:phracek:PyCharm"
2026-03-19T17:59:06+0000 [8155] DEBUG Creating repo "fedora-cisco-openh264" from config file "/etc/yum.repos.d/fedora-cisco-openh264.repo" section "fedora-cisco-openh264"
2026-03-19T17:59:06+0000 [8155] DEBUG Creating repo "fedora-cisco-openh264-debuginfo" from config file "/etc/yum.repos.d/fedora-cisco-openh264.repo" section "fedora-cisco-openh264-debuginfo"
2026-03-19T17:59:06+0000 [8155] DEBUG Creating repo "fedora-cisco-openh264-source" from config file "/etc/yum.repos.d/fedora-cisco-openh264.repo" section "fedora-cisco-openh264-source"
2026-03-19T17:59:06+0000 [8155] DEBUG Creating repo "updates-testing" from config file "/etc/yum.repos.d/fedora-updates-testing.repo" section "updates-testing"
2026-03-19T17:59:06+0000 [8155] DEBUG Creating repo "updates-testing-debuginfo" from config file "/etc/yum.repos.d/fedora-updates-testing.repo" section "updates-testing-debuginfo"
2026-03-19T17:59:06+0000 [8155] DEBUG Creating repo "updates-testing-source" from config file "/etc/yum.repos.d/fedora-updates-testing.repo" section "updates-testing-source"
2026-03-19T17:59:06+0000 [8155] DEBUG Creating repo "updates" from config file "/etc/yum.repos.d/fedora-updates.repo" section "updates"
2026-03-19T17:59:06+0000 [8155] DEBUG Creating repo "updates-debuginfo" from config file "/etc/yum.repos.d/fedora-updates.repo" section "updates-debuginfo"
2026-03-19T17:59:06+0000 [8155] DEBUG Creating repo "updates-source" from config file "/etc/yum.repos.d/fedora-updates.repo" section "updates-source"
2026-03-19T17:59:06+0000 [8155] DEBUG Creating repo "fedora" from config file "/etc/yum.repos.d/fedora.repo" section "fedora"
2026-03-19T17:59:06+0000 [8155] DEBUG Creating repo "fedora-debuginfo" from config file "/etc/yum.repos.d/fedora.repo" section "fedora-debuginfo"
2026-03-19T17:59:06+0000 [8155] DEBUG Creating repo "fedora-source" from config file "/etc/yum.repos.d/fedora.repo" section "fedora-source"
2026-03-19T17:59:06+0000 [8155] DEBUG Creating repo "google-chrome" from config file "/etc/yum.repos.d/google-chrome.repo" section "google-chrome"
2026-03-19T17:59:06+0000 [8155] DEBUG Creating repo "rpmfusion-nonfree-nvidia-driver" from config file "/etc/yum.repos.d/rpmfusion-nonfree-nvidia-driver.repo" section "rpmfusion-nonfree-nvidia-driver"
2026-03-19T17:59:06+0000 [8155] DEBUG Creating repo "rpmfusion-nonfree-nvidia-driver-debuginfo" from config file "/etc/yum.repos.d/rpmfusion-nonfree-nvidia-driver.repo" section "rpmfusion-nonfree-nvidia-driver-debuginfo"
2026-03-19T17:59:06+0000 [8155] DEBUG Creating repo "rpmfusion-nonfree-nvidia-driver-source" from config file "/etc/yum.repos.d/rpmfusion-nonfree-nvidia-driver.repo" section "rpmfusion-nonfree-nvidia-driver-source"
2026-03-19T17:59:06+0000 [8155] DEBUG Creating repo "rpmfusion-nonfree-steam" from config file "/etc/yum.repos.d/rpmfusion-nonfree-steam.repo" section "rpmfusion-nonfree-steam"
2026-03-19T17:59:06+0000 [8155] DEBUG Creating repo "rpmfusion-nonfree-steam-debuginfo" from config file "/etc/yum.repos.d/rpmfusion-nonfree-steam.repo" section "rpmfusion-nonfree-steam-debuginfo"
2026-03-19T17:59:06+0000 [8155] DEBUG Creating repo "rpmfusion-nonfree-steam-source" from config file "/etc/yum.repos.d/rpmfusion-nonfree-steam.repo" section "rpmfusion-nonfree-steam-source"
2026-03-19T17:59:06+0000 [8155] ERROR Команда возвращена с ошибкой: Для выполнения запрошенной операции требуются привилегии суперпользователя. Пожалуйста, войдите в систему как пользователь с повышенными правами или используйте опции "--assumeno" или "--downloadonly", чтобы выполнить команду без изменения состояния системы.
